"../../../Engine/Content/EditorBlueprintResources/StandardMacros.uasset" 0
"../../../Engine/Content/EngineResources/WhiteSquareTexture.uasset" 1
"../../../Engine/Content/EngineMaterials/Widget3DPassThrough.uasset" 2
"../../../Engine/Content/EngineMaterials/Widget3DPassThrough_Translucent.uasset" 3
"../../../Engine/Content/EngineMaterials/Widget3DPassThrough_Translucent_OneSided.uasset" 4
"D:/Users/Quentin/Desktop/GIT/BimBall/Content/Fonts/HollywoodCapital/Hollywood_Capital.uasset" 5
"D:/Users/Quentin/Desktop/GIT/BimBall/Content/Fonts/HollywoodCapital/Hollywood_Capital_Font.uasset" 6
"D:/Users/Quentin/Desktop/GIT/BimBall/Content/Blueprints/UI/InGame/HUB/Parents/BP_DisplayTextUI.uasset" 7
"D:/Users/Quentin/Desktop/GIT/BimBall/Content/Blueprints/UI/InGame/HUB/Parents/BP_DisplayText.uasset" 8
"D:/Users/Quentin/Desktop/GIT/BimBall/Content/Blueprints/UI/InGame/HUB/AreaIndications/BP_PlayDisplay.uasset" 9
"D:/Users/Quentin/Desktop/GIT/BimBall/Content/Blueprints/UI/InGame/HUB/AreaIndications/BP_TunnelDisplaySmall.uasset" 10
"D:/Users/Quentin/Desktop/GIT/BimBall/Content/Textures/ModularRPGHeroesPolyart/T_PolyArtTex.uasset" 11
"D:/Users/Quentin/Desktop/GIT/BimBall/Content/Materials/ModularRPGHeroesPolyart/M_Polyart.uasset" 12
"D:/Users/Quentin/Desktop/GIT/BimBall/Content/Meshes/ModularRPGHeroesPolyart/RPGHeroes_PhysicsAsset.uasset" 13
"D:/Users/Quentin/Desktop/GIT/BimBall/Content/Meshes/ModularRPGHeroesPolyart/UE4_Mannequin_Skeleton.uasset" 14
"D:/Users/Quentin/Desktop/GIT/BimBall/Content/Meshes/ModularRPGHeroesPolyart/OneMeshCharacters/SK_Apprentice.uasset" 15
"../../../Engine/Content/Functions/Engine_MaterialFunctions01/Gradient/LinearGradient.uasset" 16
"../../../Engine/Content/Functions/Engine_MaterialFunctions01/ImageAdjustment/CheapContrast.uasset" 17
"D:/Users/Quentin/Desktop/GIT/BimBall/Content/Textures/Platformer/T_Crate_d.uasset" 18
"D:/Users/Quentin/Desktop/GIT/BimBall/Content/Textures/Platformer/T_Crate_n.uasset" 19
"D:/Users/Quentin/Desktop/GIT/BimBall/Content/Textures/Platformer/T_Crate_r.uasset" 20
"D:/Users/Quentin/Desktop/GIT/BimBall/Content/Materials/Platformer/M_Crate_Light_Parent.uasset" 21
"D:/Users/Quentin/Desktop/GIT/BimBall/Content/Meshes/Platformer/SM_Crate_Shards_01.uasset" 22
"D:/Users/Quentin/Desktop/GIT/BimBall/Content/Meshes/Platformer/SM_Crate_Shards_02.uasset" 23
"D:/Users/Quentin/Desktop/GIT/BimBall/Content/Meshes/Platformer/SM_Crate_Shards_03.uasset" 24
"D:/Users/Quentin/Desktop/GIT/BimBall/Content/SFX/SoundWave_SFX/InGame_Music.uasset" 25
"D:/Users/Quentin/Desktop/GIT/BimBall/Content/SFX/SoundWave_SFX/Monday_Night_Football_Theme.uasset" 26
"D:/Users/Quentin/Desktop/GIT/BimBall/Content/SFX/SoundWave_SFX/MainMenu_Music.uasset" 27
"D:/Users/Quentin/Desktop/GIT/BimBall/Content/SFX/SoundWave_SFX/Purity_Ring_-_Better_Off_Alone__Alice_Deejay_Cover_-HQ.uasset" 28
"../../../Engine/Content/Animation/DefaultAnimCurveCompressionSettings.uasset" 29
"../../../Engine/Content/Functions/Engine_MaterialFunctions01/Opacity/CameraDepthFade.uasset" 30
"../../../Engine/Content/EngineMaterials/T_Default_Material_Grid_M.uasset" 31
"../../../Engine/Content/EngineMaterials/T_Default_Material_Grid_N.uasset" 32
"../../../Engine/Content/EngineMaterials/WorldGridMaterial.uasset" 33
"../../../Engine/Content/ArtTools/RenderToTexture/Meshes/S_1_Unit_Plane.uasset" 34
"../../../Engine/Content/EngineMaterials/DefaultMaterial.uasset" 35
"../../../Engine/Content/BasicShapes/Cone.uasset" 36
"../../../Engine/Content/BasicShapes/Cylinder.uasset" 37
"../../../Engine/Content/EditorLandscapeResources/DataLayer.uasset" 38
"../../../Engine/Content/EditorMaterials/MAT_Groups_Toggle.uasset" 39
"../../../Engine/Content/EditorMaterials/MAT_Groups_Visibility.uasset" 40
"../../../Engine/Content/EditorMaterials/PreviewShadowIndicator.uasset" 41
"../../../Engine/Content/EditorMaterials/PreviewShadowIndicatorMaterial.uasset" 42
"../../../Engine/Content/EditorMaterials/MatineeGroups/MAT_ColorTrack.uasset" 43
"../../../Engine/Content/EditorMaterials/MatineeGroups/MAT_Groups_Anim.uasset" 44
"../../../Engine/Content/EditorMaterials/MatineeGroups/MAT_Groups_AudioMaster.uasset" 45
"../../../Engine/Content/EditorMaterials/MatineeGroups/MAT_Groups_Director.uasset" 46
"../../../Engine/Content/EditorMaterials/MatineeGroups/MAT_Groups_Event.uasset" 47
"../../../Engine/Content/EditorMaterials/MatineeGroups/MAT_Groups_Fade.uasset" 48
"../../../Engine/Content/EditorMaterials/MatineeGroups/MAT_Groups_Float.uasset" 49
"../../../Engine/Content/EditorMaterials/MatineeGroups/MAT_Groups_Move.uasset" 50
"../../../Engine/Content/EditorMaterials/MatineeGroups/MAT_Groups_Slomo.uasset" 51
"../../../Engine/Content/EditorMaterials/MatineeGroups/MAT_Groups_Sound.uasset" 52
"../../../Engine/Content/EditorMaterials/MatineeGroups/MAT_Groups_Vector.uasset" 53
"../../../Engine/Content/EditorMaterials/ParticleSystems/PSysThumbnail_NoImage.uasset" 54
"../../../Engine/Content/EditorMaterials/ParticleSystems/PSysThumbnail_OOD.uasset" 55
"../../../Engine/Content/EditorMaterials/Camera/CineMat.uasset" 56
"../../../Engine/Content/EditorMaterials/Camera/MI_CineMat_Rig.uasset" 57
"../../../Engine/Content/EditorMeshes/Camera/SM_CraneRig_Arm.uasset" 58
"../../../Engine/Content/EditorMeshes/Camera/SM_CraneRig_Base.uasset" 59
"../../../Engine/Content/EditorMeshes/Camera/SM_CraneRig_Body.uasset" 60
"../../../Engine/Content/EditorMeshes/Camera/SM_CraneRig_Mount.uasset" 61
"../../../Engine/Content/EditorMeshes/Camera/SM_RailRig_Mount.uasset" 62
"../../../Engine/Content/EditorMeshes/Camera/SM_RailRig_Track.uasset" 63
"../../../Engine/Content/EditorResources/BSPVertex.uasset" 64
"../../../Engine/Content/EditorResources/EmptyActor.uasset" 65
"../../../Engine/Content/EditorResources/S_Actor.uasset" 66
"../../../Engine/Content/EditorResources/S_Note.uasset" 67
"../../../Engine/Content/EditorResources/S_Solver.uasset" 68
"../../../Engine/Content/EditorResources/S_Trigger.uasset" 69
"../../../Engine/Content/EditorResources/AudioIcons/S_AudioComponent_AutoActivate.uasset" 70
"../../../Engine/Content/EditorResources/LightIcons/S_LightError.uasset" 71
"../../../Engine/Content/EditorResources/SequenceRecorder/Countdown.uasset" 72
"../../../Engine/Content/EditorResources/SequenceRecorder/RecordingIndicator.uasset" 73
"../../../Engine/Content/EditorSounds/Notifications/CompileFailed.uasset" 74
"../../../Engine/Content/EditorSounds/Notifications/CompileFailed_Cue.uasset" 75
"../../../Engine/Content/EditorSounds/Notifications/CompileSuccess.uasset" 76
"../../../Engine/Content/EditorSounds/Notifications/CompileStart_Cue.uasset" 77
"../../../Engine/Content/EditorSounds/Notifications/CompileSuccess_Cue.uasset" 78
"../../../Engine/Content/EngineDamageTypes/DmgTypeBP_Environmental.uasset" 79
"../../../Engine/Content/EngineDebugMaterials/DebugEditorMaterial.uasset" 80
"../../../Engine/Content/EngineDebugMaterials/DebugMeshMaterial.uasset" 81
"../../../Engine/Content/EngineDebugMaterials/M_SimpleTranslucent.uasset" 82
"../../../Engine/Content/Functions/Engine_MaterialFunctions02/Utility/CameraDirectionVector.uasset" 83
"../../../Engine/Content/EngineDebugMaterials/VolumeToRender.uasset" 84
"../../../Engine/Content/EngineDebugMaterials/M_VolumeRenderSphereTracePP.uasset" 85
"../../../Engine/Content/EngineDebugMaterials/WireframeMaterial.uasset" 86
"../../../Engine/Content/EngineFonts/Faces/DroidSansFallback.uasset" 87
"../../../Engine/Content/EngineFonts/Faces/RobotoBold.uasset" 88
"../../../Engine/Content/EngineFonts/Faces/RobotoBoldItalic.uasset" 89
"../../../Engine/Content/EngineFonts/Faces/RobotoItalic.uasset" 90
"../../../Engine/Content/EngineFonts/Faces/RobotoLight.uasset" 91
"../../../Engine/Content/EngineFonts/Faces/RobotoRegular.uasset" 92
"../../../Engine/Content/EngineFonts/Roboto.uasset" 93
"../../../Engine/Content/EngineMaterials/BaseFlattenDiffuseMap.uasset" 94
"../../../Engine/Content/EngineMaterials/BaseFlattenEmissiveMap.uasset" 95
"../../../Engine/Content/EngineMaterials/BaseFlattenGrayscaleMap.uasset" 96
"../../../Engine/Content/EngineMaterials/BaseFlattenNormalMap.uasset" 97
"../../../Engine/Content/EngineMaterials/BaseFlattenMaterial.uasset" 98
"../../../Engine/Content/EngineMaterials/BlueNoise.uasset" 99
"../../../Engine/Content/EngineMaterials/DefaultBloomKernel.uasset" 100
"../../../Engine/Content/EngineMaterials/DefaultBokeh.uasset" 101
"../../../Engine/Content/EngineMaterials/DefaultDiffuse.uasset" 102
"../../../Engine/Content/EngineMaterials/DefaultDeferredDecalMaterial.uasset" 103
"../../../Engine/Content/EngineMaterials/DefaultLightFunctionMaterial.uasset" 104
"../../../Engine/Content/Functions/Engine_MaterialFunctions02/Utility/BreakOutFloat2Components.uasset" 105
"../../../Engine/Content/EngineMaterials/DefaultPostProcessMaterial.uasset" 106
"../../../Engine/Content/EngineFonts/RobotoDistanceField.uasset" 107
"../../../Engine/Content/EngineMaterials/DefaultTextMaterialOpaque.uasset" 108
"../../../Engine/Content/EngineMaterials/DefaultVirtualTextureMaterial.uasset" 109
"../../../Engine/Content/EngineMaterials/DefaultWhiteGrid.uasset" 110
"../../../Engine/Content/EngineMaterials/DefaultWhiteGrid_Low.uasset" 111
"../../../Engine/Content/EngineMaterials/EmissiveMeshMaterial.uasset" 112
"../../../Engine/Content/EngineMaterials/GizmoMaterial.uasset" 113
"../../../Engine/Content/EngineMaterials/Good64x64TilingNoiseHighFreq.uasset" 114
"../../../Engine/Content/EngineMaterials/HairDefaultMaterial.uasset" 115
"../../../Engine/Content/EngineMaterials/MiniFont.uasset" 116
"../../../Engine/Content/EngineMaterials/InvalidLightmapSettings.uasset" 117
"../../../Engine/Content/EngineMaterials/M_InvalidLightmapSettings.uasset" 118
"../../../Engine/Content/Functions/Engine_MaterialFunctions02/WorldPositionOffset/CameraOffset.uasset" 119
"../../../Engine/Content/EngineMaterials/PhAT_JointLimitMaterial.uasset" 120
"../../../Engine/Content/EngineMaterials/PreintegratedSkinBRDF.uasset" 121
"../../../Engine/Content/EngineMaterials/RemoveSurfaceMaterial.uasset" 122
"../../../Engine/Content/EngineMaterials/WeightMapPlaceholderTexture.uasset" 123
"../../../Engine/Content/EngineMaterials/Widget3DPassThrough_Opaque.uasset" 124
"../../../Engine/Content/EngineMaterials/Widget3DPassThrough_Masked_OneSided.uasset" 125
"../../../Engine/Content/EngineMaterials/Widget3DPassThrough_Opaque_OneSided.uasset" 126
"../../../Engine/Content/EngineMeshes/Cylinder.uasset" 127
"../../../Engine/Content/EngineMeshes/Sphere.uasset" 128
"../../../Engine/Content/EngineResources/Black.uasset" 129
"../../../Engine/Content/EngineResources/DefaultTexture.uasset" 130
"../../../Engine/Content/EngineResources/DefaultTextureCube.uasset" 131
"../../../Engine/Content/EngineResources/DefaultVolumeTexture2D.uasset" 132
"../../../Engine/Content/EngineResources/DefaultVolumeTexture.uasset" 133
"../../../Engine/Content/EngineResources/GradientTexture0.uasset" 134
"../../../Engine/Content/EngineSounds/Master.uasset" 135
"../../../Engine/Content/Functions/Engine_MaterialFunctions01/Shading/ConvertFromDiffSpec.uasset" 136
"../../../Engine/Content/Functions/Engine_MaterialFunctions01/Shading/PowerToRoughness.uasset" 137
"../../../Engine/Content/Maps/Templates/Thumbnails/Default.uasset" 138
"../../../Engine/Content/Maps/Templates/Thumbnails/TimeOfDay.uasset" 139
"../../../Engine/Content/Maps/Templates/Thumbnails/VR-Basic.uasset" 140
"../../../Engine/Content/MobileResources/T_MobileControls_texture.uasset" 141
"../../../Engine/Content/MobileResources/T_MobileMenu2.uasset" 142
"../../../Engine/Content/MobileResources/HUD/AnalogHat.uasset" 143
"../../../Engine/Content/MobileResources/HUD/VirtualJoystick_Background.uasset" 144
"../../../Engine/Content/MobileResources/HUD/VirtualJoystick_Thumb.uasset" 145
"../../../Engine/Content/MobileResources/HUD/DefaultVirtualJoysticks.uasset" 146
"../../../Engine/Content/MobileResources/HUD/LeftVirtualJoystickOnly.uasset" 147
"../../../Engine/Content/MobileResources/HUD/MobileHUDButton1_off.uasset" 148
"../../../Engine/Content/MobileResources/HUD/MobileHUDButton1_on.uasset" 149
"../../../Engine/Content/MobileResources/HUD/MobileHUDButton2_off.uasset" 150
"../../../Engine/Content/MobileResources/HUD/MobileHUDButton2_on.uasset" 151
"../../../Engine/Content/MobileResources/HUD/MobileHUDButton3.uasset" 152
"../../../Engine/Content/MobileResources/HUD/MobileHUDButtonFire.uasset" 153
"../../../Engine/Content/MobileResources/HUD/MobileHUDDirectionPad.uasset" 154
"../../../Engine/Content/MobileResources/HUD/MobileHUDDirectionPad2.uasset" 155
"../../../Engine/Content/MobileResources/HUD/MobileHUDDirectionPad3.uasset" 156
"../../../Engine/Content/MobileResources/HUD/MobileHUDDirectionStick.uasset" 157
"../../../Engine/Content/MobileResources/HUD/T_Castle_ThumbstickInner.uasset" 158
"../../../Engine/Content/MobileResources/HUD/T_Castle_ThumbstickOutter.uasset" 159
"../../../Engine/Content/Tutorial/ContentIntroCurve.uasset" 160
"../../../Engine/Content/Tutorial/Basics/FeaturePacks.uasset" 161
"../../../Engine/Content/Tutorial/Basics/LevelEditorAttract.uasset" 162
"../../../Engine/Content/Tutorial/Basics/TutorialAssets/icon_tab_Levels_40x.uasset" 163
"../../../Engine/Content/Tutorial/Basics/LevelEditorOverview.uasset" 164
"../../../Engine/Content/Tutorial/BlueprintTutorials/TutorialAssets/Blueprint_64x.uasset" 165
"../../../Engine/Content/Tutorial/BlueprintTutorials/BlueprintEditorTutorial.uasset" 166
"../../../Engine/Content/Tutorial/BlueprintTutorials/TutorialAssets/BlueprintInterface_64x.uasset" 167
"../../../Engine/Content/Tutorial/BlueprintTutorials/BlueprintInterfacesEditorOverview.uasset" 168
"../../../Engine/Content/Tutorial/BlueprintTutorials/TutorialAssets/BlueprintMacroLibrary_64x.uasset" 169
"../../../Engine/Content/Tutorial/BlueprintTutorials/BlueprintMacroLibrariesEditorOverview.uasset" 170
"../../../Engine/Content/Tutorial/BlueprintTutorials/ClassBlueprintsEditorOverview.uasset" 171
"../../../Engine/Content/EditorBlueprintResources/ActorMacros.uasset" 172
"../../../Engine/Content/Tutorial/BlueprintTutorials/TutorialAssets/Tutorial_BP_Class.uasset" 173
"../../../Engine/Content/Tutorial/BlueprintTutorials/TutorialAssets/Tutorial_BP_Interface.uasset" 174
"../../../Engine/Content/Tutorial/BlueprintTutorials/TutorialAssets/Tutorial_BP_MacroLib.uasset" 175
"../../../Engine/Content/Tutorial/InWorldBlueprintEditing/IWBE_Tutorial.uasset" 176
"../../../Engine/Content/Tutorial/InWorldBlueprintEditing/IWBE_Tutorial_Part2.uasset" 177
"../../../Engine/Content/Tutorial/InWorldBlueprintEditing/IWBE_Tutorial_Part3.uasset" 178
"../../../Engine/Content/VREditor/LaserPointer/VR_LaserPower_01.uasset" 179
"../../../Engine/Content/VREditor/TransformGizmo/TransformGizmoMaterial.uasset" 180
"../../../Engine/Content/VREditor/TransformGizmo/TranslucentTransformGizmoMaterial.uasset" 181
"../../../Engine/Content/VREditor/TransformGizmo/BoundingBoxCorner.uasset" 182
"../../../Engine/Content/VREditor/TransformGizmo/BoundingBoxEdge.uasset" 183
"../../../Engine/Content/VREditor/TransformGizmo/PlaneTranslationHandle.uasset" 184
"../../../Engine/Content/VREditor/TransformGizmo/Main.uasset" 185
"../../../Engine/Content/VREditor/TransformGizmo/Xray.uasset" 186
"../../../Engine/Content/VREditor/TransformGizmo/SM_Sequencer_Key.uasset" 187
"../../../Engine/Content/VREditor/TransformGizmo/SM_Sequencer_Node.uasset" 188
"../../Plugins/2D/Paper2D/Content/PlaceholderTextures/DummySpriteTexture.uasset" 189
"../../Plugins/2D/Paper2D/Content/DummySprite.uasset" 190
"../../Plugins/2D/Paper2D/Content/DefaultPaperTerrainMaterial.uasset" 191
"../../Plugins/2D/Paper2D/Content/DummySpriteTexture.uasset" 192
"../../Plugins/2D/Paper2D/Content/DefaultSpriteMaterial.uasset" 193
"../../Plugins/2D/Paper2D/Content/MaskedUnlitSpriteMaterial.uasset" 194
"../../Plugins/2D/Paper2D/Content/OpaqueUnlitSpriteMaterial.uasset" 195
"../../../Engine/Content/Functions/Engine_MaterialFunctions02/Utility/BreakOutFloat4Components.uasset" 196
"../../../Engine/Content/Functions/Engine_MaterialFunctions02/Utility/MakeFloat2.uasset" 197
"../../../Engine/Content/Functions/Engine_MaterialFunctions02/Utility/MakeFloat3.uasset" 198
"../../Plugins/Runtime/Oculus/OculusVR/Content/Materials/OculusMR_ChromaKey.uasset" 199
"../../Plugins/Runtime/Oculus/OculusVR/Content/Materials/OculusMR_ChromaKey_Lit.uasset" 200
"../../Plugins/Runtime/Oculus/OculusVR/Content/Materials/OculusMR_OpaqueColoredMaterial.uasset" 201
"../../Plugins/Runtime/Oculus/OculusVR/Content/Materials/OculusMR_WhiteMaterial.uasset" 202
"D:/Users/Quentin/Desktop/GIT/BimBall/Content/Textures/Custom/FX/T_Particle.uasset" 203
"D:/Users/Quentin/Desktop/GIT/BimBall/Content/Materials/Custom/FX/M_DefaultParticle.uasset" 204
"D:/Users/Quentin/Desktop/GIT/BimBall/Content/Materials/Custom/FX/M_DefaultTrail.uasset" 205
"D:/Users/Quentin/Desktop/GIT/BimBall/Content/Textures/Custom/FX/T_SpinTest.uasset" 206
"D:/Users/Quentin/Desktop/GIT/BimBall/Content/Materials/Custom/FX/MI_SpinTest.uasset" 207
"D:/Users/Quentin/Desktop/GIT/BimBall/Content/VFX/P_TackleTrail.uasset" 208
"D:/Users/Quentin/Desktop/GIT/BimBall/Content/Animations/Custom_Animations/A_Charge.uasset" 209
"D:/Users/Quentin/Desktop/GIT/BimBall/Content/Animations/Custom_Animations/A_SprintKamikaze.uasset" 210
"D:/Users/Quentin/Desktop/GIT/BimBall/Content/Animations/ModularRPGHeroesPolyart/NoWeaponStance/A_BasicRun.uasset" 211
"D:/Users/Quentin/Desktop/GIT/BimBall/Content/Animations/ModularRPGHeroesPolyart/NoWeaponStance/A_Die_noWeapon.uasset" 212
"D:/Users/Quentin/Desktop/GIT/BimBall/Content/Animations/ModularRPGHeroesPolyart/NoWeaponStance/A_Idle_noWeapon.uasset" 213
"D:/Users/Quentin/Desktop/GIT/BimBall/Content/SFX/Attenuation/GlobalAttenuation.uasset" 214
"D:/Users/Quentin/Desktop/GIT/BimBall/Content/SFX/SoundWave_SFX/Heavy_Footstep_01.uasset" 215
"D:/Users/Quentin/Desktop/GIT/BimBall/Content/SFX/SoundWave_SFX/Heavy_Footstep_02.uasset" 216
"D:/Users/Quentin/Desktop/GIT/BimBall/Content/SFX/SoundWave_SFX/Tackle.uasset" 217
"D:/Users/Quentin/Desktop/GIT/BimBall/Content/Blueprints/Entity/Enemy/BP_EnemyAnimation.uasset" 218
"D:/Users/Quentin/Desktop/GIT/BimBall/Content/Animations/Custom_Animations/A_Attack02.uasset" 219
"D:/Users/Quentin/Desktop/GIT/BimBall/Content/VFX/P_SkillTrail.uasset" 220
"D:/Users/Quentin/Desktop/GIT/BimBall/Content/Animations/Custom_Animations/A_Attack02_Montage.uasset" 221
"D:/Users/Quentin/Desktop/GIT/BimBall/Content/Animations/ModularRPGHeroesPolyart/NoWeaponStance/A_GetHit_noWeapon.uasset" 222
"D:/Users/Quentin/Desktop/GIT/BimBall/Content/Animations/ModularRPGHeroesPolyart/NoWeaponStance/A_GetHit_noWeapon_Montage.uasset" 223
"D:/Users/Quentin/Desktop/GIT/BimBall/Content/Animations/Custom_Animations/A_BallRushAir.uasset" 224
"D:/Users/Quentin/Desktop/GIT/BimBall/Content/Animations/Custom_Animations/A_BallRushEnd.uasset" 225
"D:/Users/Quentin/Desktop/GIT/BimBall/Content/Animations/Custom_Animations/A_BallRushStart.uasset" 226
"D:/Users/Quentin/Desktop/GIT/BimBall/Content/Animations/Custom_Animations/A_Fling.uasset" 227
"D:/Users/Quentin/Desktop/GIT/BimBall/Content/Animations/Custom_Animations/A_Grab.uasset" 228
"D:/Users/Quentin/Desktop/GIT/BimBall/Content/Animations/Custom_Animations/A_Throw.uasset" 229
"D:/Users/Quentin/Desktop/GIT/BimBall/Content/Animations/Custom_Animations/A_ThrowIdle.uasset" 230
"D:/Users/Quentin/Desktop/GIT/BimBall/Content/Animations/Custom_Animations/A_ThrowStart.uasset" 231
"D:/Users/Quentin/Desktop/GIT/BimBall/Content/Animations/ModularRPGHeroesPolyart/NoWeaponStance/A_JumpAir_noWeapon.uasset" 232
"D:/Users/Quentin/Desktop/GIT/BimBall/Content/Animations/ModularRPGHeroesPolyart/NoWeaponStance/A_JumpEnd_noWeapon.uasset" 233
"D:/Users/Quentin/Desktop/GIT/BimBall/Content/Animations/ModularRPGHeroesPolyart/NoWeaponStance/A_JumpStart_noWeapon.uasset" 234
"D:/Users/Quentin/Desktop/GIT/BimBall/Content/Animations/ModularRPGHeroesPolyart/NoWeaponStance/A_PickUp_noWeapon.uasset" 235
"D:/Users/Quentin/Desktop/GIT/BimBall/Content/Animations/Custom_Animations/A_GrabIdle_Movement.uasset" 236
"D:/Users/Quentin/Desktop/GIT/BimBall/Content/Animations/Custom_Animations/A_GrabIdle_Static.uasset" 237
"D:/Users/Quentin/Desktop/GIT/BimBall/Content/Animations/Custom_Animations/GrabWalk.uasset" 238
"D:/Users/Quentin/Desktop/GIT/BimBall/Content/Materials/Custom/FX/MI_RunninTrailings.uasset" 239
"D:/Users/Quentin/Desktop/GIT/BimBall/Content/VFX/P_RunningTrail.uasset" 240
"D:/Users/Quentin/Desktop/GIT/BimBall/Content/Animations/Custom_Animations/A_Sprint.uasset" 241
"D:/Users/Quentin/Desktop/GIT/BimBall/Content/Animations/Custom_Animations/RunWalk.uasset" 242
"D:/Users/Quentin/Desktop/GIT/BimBall/Content/SFX/SoundWave_SFX/Concrete_Footstep_01.uasset" 243
"D:/Users/Quentin/Desktop/GIT/BimBall/Content/SFX/SoundWave_SFX/Concrete_Footstep_02.uasset" 244
"D:/Users/Quentin/Desktop/GIT/BimBall/Content/SFX/SoundWave_SFX/Concrete_Footstep_03.uasset" 245
"D:/Users/Quentin/Desktop/GIT/BimBall/Content/SFX/SoundWave_SFX/Concrete_Footstep_04.uasset" 246
"D:/Users/Quentin/Desktop/GIT/BimBall/Content/SFX/SoundWave_SFX/Concrete_Footstep_05.uasset" 247
"D:/Users/Quentin/Desktop/GIT/BimBall/Content/SFX/SoundWave_SFX/Concrete_Footstep_06.uasset" 248
"D:/Users/Quentin/Desktop/GIT/BimBall/Content/SFX/SoundWave_SFX/Concrete_Footstep_07.uasset" 249
"D:/Users/Quentin/Desktop/GIT/BimBall/Content/SFX/SoundWave_SFX/Concrete_Footstep_08.uasset" 250
"D:/Users/Quentin/Desktop/GIT/BimBall/Content/SFX/SoundClass/FootStep.uasset" 251
"D:/Users/Quentin/Desktop/GIT/BimBall/Content/SFX/SoundWave_SFX/GrassFootstep_01.uasset" 252
"D:/Users/Quentin/Desktop/GIT/BimBall/Content/SFX/SoundWave_SFX/GrassFootstep_02.uasset" 253
"D:/Users/Quentin/Desktop/GIT/BimBall/Content/SFX/SoundWave_SFX/GrassFootstep_03.uasset" 254
"D:/Users/Quentin/Desktop/GIT/BimBall/Content/SFX/SoundWave_SFX/GrassFootstep_04.uasset" 255
"D:/Users/Quentin/Desktop/GIT/BimBall/Content/SFX/SoundWave_SFX/GrassFootstep_05.uasset" 256
"D:/Users/Quentin/Desktop/GIT/BimBall/Content/SFX/SoundWave_SFX/GrassFootstep_06.uasset" 257
"D:/Users/Quentin/Desktop/GIT/BimBall/Content/SFX/SoundWave_SFX/Hit_01.uasset" 258
"D:/Users/Quentin/Desktop/GIT/BimBall/Content/SFX/SoundWave_SFX/Hit_02.uasset" 259
"D:/Users/Quentin/Desktop/GIT/BimBall/Content/SFX/SoundWave_SFX/Hit_03.uasset" 260
"D:/Users/Quentin/Desktop/GIT/BimBall/Content/SFX/SoundWave_SFX/Hit_04.uasset" 261
"D:/Users/Quentin/Desktop/GIT/BimBall/Content/SFX/SoundWave_SFX/Hit_05.uasset" 262
"D:/Users/Quentin/Desktop/GIT/BimBall/Content/SFX/SoundWave_SFX/Hit_06.uasset" 263
"D:/Users/Quentin/Desktop/GIT/BimBall/Content/SFX/SoundWave_SFX/Spin_01.uasset" 264
"D:/Users/Quentin/Desktop/GIT/BimBall/Content/Blueprints/Entity/Player/Animtest/BP_CharacterAnimation.uasset" 265
"D:/Users/Quentin/Desktop/GIT/BimBall/Content/Blueprints/Camera/B_BallCamProfile.uasset" 266
"D:/Users/Quentin/Desktop/GIT/BimBall/Content/Blueprints/Camera/B_BasicCamProfile.uasset" 267
"D:/Users/Quentin/Desktop/GIT/BimBall/Content/Blueprints/Camera/B_FightingCamProfile.uasset" 268
"D:/Users/Quentin/Desktop/GIT/BimBall/Content/Blueprints/Camera/B_MenuCamera.uasset" 269
"D:/Users/Quentin/Desktop/GIT/BimBall/Content/Blueprints/Camera/B_CamManager.uasset" 270
"D:/Users/Quentin/Desktop/GIT/BimBall/Content/Blueprints/Entity/Enemy/BP_EnemyManager.uasset" 271
"D:/Users/Quentin/Desktop/GIT/BimBall/Content/Blueprints/Entity/Player/BP_BimBallController.uasset" 272
"D:/Users/Quentin/Desktop/GIT/BimBall/Content/Textures/Custom/UI/T_BallSeeThroughWhite2.uasset" 273
"D:/Users/Quentin/Desktop/GIT/BimBall/Content/Blueprints/UI/InGame/Ball/BP_BallSeeThroughUI.uasset" 274
"D:/Users/Quentin/Desktop/GIT/BimBall/Content/Blueprints/UI/InGame/Ball/BP_BallSeeThrough.uasset" 275
"D:/Users/Quentin/Desktop/GIT/BimBall/Content/Textures/Ball/T_BallFootUS_BC.uasset" 276
"D:/Users/Quentin/Desktop/GIT/BimBall/Content/Textures/Ball/T_BallFootUS_N.uasset" 277
"D:/Users/Quentin/Desktop/GIT/BimBall/Content/Textures/Ball/T_BallFootUS_R.uasset" 278
"D:/Users/Quentin/Desktop/GIT/BimBall/Content/Materials/Custom/M_Ball.uasset" 279
"D:/Users/Quentin/Desktop/GIT/BimBall/Content/Textures/Custom/Ball/T_BallFootUS_BC.uasset" 280
"D:/Users/Quentin/Desktop/GIT/BimBall/Content/Materials/Custom/M_BallSeeThrough.uasset" 281
"D:/Users/Quentin/Desktop/GIT/BimBall/Content/Textures/Custom/UI/T_BallGroundPositionFilled3.uasset" 282
"D:/Users/Quentin/Desktop/GIT/BimBall/Content/Textures/Custom/UI/T_BallGroundPositionWhite2.uasset" 283
"D:/Users/Quentin/Desktop/GIT/BimBall/Content/Materials/Custom/UI/M_BallGrroundPosition.uasset" 284
"../../../Engine/Content/EngineMaterials/Widget3DPassThrough_Masked.uasset" 285
"../../../Engine/Content/BasicShapes/Plane.uasset" 286
"D:/Users/Quentin/Desktop/GIT/BimBall/Content/Meshes/Custom/Ball/SM_BallFootUS.uasset" 287
"D:/Users/Quentin/Desktop/GIT/BimBall/Content/SFX/SoundWave_SFX/BounceBall_01.uasset" 288
"D:/Users/Quentin/Desktop/GIT/BimBall/Content/SFX/SoundWave_SFX/BounceBall_02.uasset" 289
"D:/Users/Quentin/Desktop/GIT/BimBall/Content/SFX/SoundWave_SFX/BounceBall_03.uasset" 290
"D:/Users/Quentin/Desktop/GIT/BimBall/Content/SFX/SoundWave_SFX/BounceBall_04.uasset" 291
"D:/Users/Quentin/Desktop/GIT/BimBall/Content/SFX/SoundWave_SFX/BounceBall_05.uasset" 292
"D:/Users/Quentin/Desktop/GIT/BimBall/Content/SFX/SoundWave_SFX/ChargedBeep.uasset" 293
"D:/Users/Quentin/Desktop/GIT/BimBall/Content/SFX/SoundWave_SFX/ChargedLoop.uasset" 294
"D:/Users/Quentin/Desktop/GIT/BimBall/Content/SFX/SoundWave_SFX/ChargeUp.uasset" 295
"D:/Users/Quentin/Desktop/GIT/BimBall/Content/Textures/Custom/UI/T_BallRushIndicatorTest.uasset" 296
"D:/Users/Quentin/Desktop/GIT/BimBall/Content/Textures/Custom/FX/T_Circle.uasset" 297
"D:/Users/Quentin/Desktop/GIT/BimBall/Content/Materials/Custom/FX/M_Circle.uasset" 298
"D:/Users/Quentin/Desktop/GIT/BimBall/Content/Materials/Custom/FX/MI_BallCharge.uasset" 299
"D:/Users/Quentin/Desktop/GIT/BimBall/Content/VFX/P_BallCharged.uasset" 300
"D:/Users/Quentin/Desktop/GIT/BimBall/Content/Materials/Custom/FX/M_Charge.uasset" 301
"D:/Users/Quentin/Desktop/GIT/BimBall/Content/Textures/Custom/FX/T_BlowBurst.uasset" 302
"D:/Users/Quentin/Desktop/GIT/BimBall/Content/Materials/Custom/FX/MI_Trait.uasset" 303
"D:/Users/Quentin/Desktop/GIT/BimBall/Content/VFX/P_BallCharging.uasset" 304
"D:/Users/Quentin/Desktop/GIT/BimBall/Content/VFX/P_BallTrail.uasset" 305
"D:/Users/Quentin/Desktop/GIT/BimBall/Content/Blueprints/Props/Ball/BP_Ball.uasset" 306
"D:/Users/Quentin/Desktop/GIT/BimBall/Content/Textures/Custom/UI/T_BallRushCooldown.uasset" 307
"D:/Users/Quentin/Desktop/GIT/BimBall/Content/Textures/Custom/UI/T_BallScreenPositionWhite2.uasset" 308
"D:/Users/Quentin/Desktop/GIT/BimBall/Content/Textures/Custom/UI/T_PlayerLifeFilled.uasset" 309
"D:/Users/Quentin/Desktop/GIT/BimBall/Content/Textures/Custom/UI/T_SpinCooldown.uasset" 310
"D:/Users/Quentin/Desktop/GIT/BimBall/Content/Textures/Custom/UI/T_StealBannerTest6.uasset" 311
"D:/Users/Quentin/Desktop/GIT/BimBall/Content/Blueprints/UI/InGame/Player/BP_PlayerUI.uasset" 312
"D:/Users/Quentin/Desktop/GIT/BimBall/Content/Textures/Custom/Sprites/T_CheckboxDisabled.uasset" 313
"D:/Users/Quentin/Desktop/GIT/BimBall/Content/Textures/Custom/Sprites/T_CheckboxPressed.uasset" 314
"D:/Users/Quentin/Desktop/GIT/BimBall/Content/Textures/Custom/Sprites/T_DownArrow.uasset" 315
"D:/Users/Quentin/Desktop/GIT/BimBall/Content/Textures/Custom/Sprites/T_LeftFadeBackground.uasset" 316
"D:/Users/Quentin/Desktop/GIT/BimBall/Content/Textures/Custom/Sprites/T_Rectangle.uasset" 317
"D:/Users/Quentin/Desktop/GIT/BimBall/Content/Textures/Custom/Sprites/T_XboxGamepad.uasset" 318
"D:/Users/Quentin/Desktop/GIT/BimBall/Content/Blueprints/UI/Menus/BP_PauseMenuUI.uasset" 319
"D:/Users/Quentin/Desktop/GIT/BimBall/Content/Blueprints/GameManagement/BP_EndScreenManager.uasset" 320
"D:/Users/Quentin/Desktop/GIT/BimBall/Content/Blueprints/UI/Menus/BP_LoadingUI.uasset" 321
"D:/Users/Quentin/Desktop/GIT/BimBall/Content/Blueprints/GameManagement/BP_LoadingScreen.uasset" 322
"D:/Users/Quentin/Desktop/GIT/BimBall/Content/Blueprints/UI/Menus/BP_TransitionScreen.uasset" 323
"D:/Users/Quentin/Desktop/GIT/BimBall/Content/Blueprints/GameManagement/BP_BimBallGameMode.uasset" 324
"D:/Users/Quentin/Desktop/GIT/BimBall/Content/Blueprints/GameManagement/BP_PauseManager.uasset" 325
"D:/Users/Quentin/Desktop/GIT/BimBall/Content/Blueprints/Skills/PlayerSkills/BP_BallRush.uasset" 326
"D:/Users/Quentin/Desktop/GIT/BimBall/Content/Animations/Custom_Animations/A_Attack01.uasset" 327
"D:/Users/Quentin/Desktop/GIT/BimBall/Content/Animations/Custom_Animations/A_Attack01_Montage.uasset" 328
"D:/Users/Quentin/Desktop/GIT/BimBall/Content/Animations/Custom_Animations/A_Attack03.uasset" 329
"D:/Users/Quentin/Desktop/GIT/BimBall/Content/Animations/Custom_Animations/A_Attack03_Montage.uasset" 330
"D:/Users/Quentin/Desktop/GIT/BimBall/Content/Blueprints/Skills/PlayerSkills/BP_BasicAttack.uasset" 331
"D:/Users/Quentin/Desktop/GIT/BimBall/Content/Blueprints/Skills/PlayerSkills/BP_Charge.uasset" 332
"D:/Users/Quentin/Desktop/GIT/BimBall/Content/Blueprints/Skills/PlayerSkills/BP_GrabAndFling.uasset" 333
"D:/Users/Quentin/Desktop/GIT/BimBall/Content/Animations/Custom_Animations/A_SpinAnimation.uasset" 334
"D:/Users/Quentin/Desktop/GIT/BimBall/Content/Animations/Custom_Animations/A_Spin.uasset" 335
"D:/Users/Quentin/Desktop/GIT/BimBall/Content/Blueprints/Skills/PlayerSkills/BP_Spin.uasset" 336
"D:/Users/Quentin/Desktop/GIT/BimBall/Content/Textures/Custom/UI/T_AimTargetWhite.uasset" 337
"D:/Users/Quentin/Desktop/GIT/BimBall/Content/Materials/Custom/UI/M_AimTargetIndicator.uasset" 338
"D:/Users/Quentin/Desktop/GIT/BimBall/Content/Blueprints/UI/InGame/Enemy/BP_AimTarget.uasset" 339
"D:/Users/Quentin/Desktop/GIT/BimBall/Content/Animations/Curves/C_SnapCurve.uasset" 340
"D:/Users/Quentin/Desktop/GIT/BimBall/Content/Blueprints/FX/BP_FlashUI.uasset" 341
"D:/Users/Quentin/Desktop/GIT/BimBall/Content/Materials/Custom/M_Character.uasset" 342
"D:/Users/Quentin/Desktop/GIT/BimBall/Content/Meshes/Custom/SK_Character.uasset" 343
"D:/Users/Quentin/Desktop/GIT/BimBall/Content/SFX/SoundWave_SFX/Damages_01.uasset" 344
"D:/Users/Quentin/Desktop/GIT/BimBall/Content/SFX/SoundWave_SFX/Damages_02.uasset" 345
"D:/Users/Quentin/Desktop/GIT/BimBall/Content/SFX/SoundWave_SFX/Damages_03.uasset" 346
"D:/Users/Quentin/Desktop/GIT/BimBall/Content/SFX/SoundWave_SFX/Damages_04.uasset" 347
"D:/Users/Quentin/Desktop/GIT/BimBall/Content/SFX/SoundWave_SFX/Damages_05.uasset" 348
"D:/Users/Quentin/Desktop/GIT/BimBall/Content/SFX/SoundWave_SFX/Jump01.uasset" 349
"D:/Users/Quentin/Desktop/GIT/BimBall/Content/SFX/SoundWave_SFX/Jump02.uasset" 350
"D:/Users/Quentin/Desktop/GIT/BimBall/Content/SFX/SoundWave_SFX/PDamages_01.uasset" 351
"D:/Users/Quentin/Desktop/GIT/BimBall/Content/SFX/SoundWave_SFX/PDamages_02.uasset" 352
"D:/Users/Quentin/Desktop/GIT/BimBall/Content/SFX/SoundWave_SFX/PDamages_03.uasset" 353
"D:/Users/Quentin/Desktop/GIT/BimBall/Content/Blueprints/Entity/Player/BP_BimBallCharacter.uasset" 354
"D:/Users/Quentin/Desktop/GIT/BimBall/Content/Blueprints/Entity/Enemy/AI/BB_EnemyBlackboardData.uasset" 355
"D:/Users/Quentin/Desktop/GIT/BimBall/Content/Blueprints/Entity/Enemy/AI/BT_EnemyBehaviorTree.uasset" 356
"D:/Users/Quentin/Desktop/GIT/BimBall/Content/Blueprints/Entity/Enemy/AI/BP_EnemyController.uasset" 357
"D:/Users/Quentin/Desktop/GIT/BimBall/Content/Blueprints/UI/InGame/Enemy/BP_EnemyReactionUI.uasset" 358
"D:/Users/Quentin/Desktop/GIT/BimBall/Content/Textures/Custom/UI/T_EnemyLifeWhite.uasset" 359
"D:/Users/Quentin/Desktop/GIT/BimBall/Content/Blueprints/UI/InGame/Enemy/BP_EnemyHealthUI.uasset" 360
"D:/Users/Quentin/Desktop/GIT/BimBall/Content/Meshes/ModularRPGHeroesPolyart/OneMeshCharacters/SoldierSK.uasset" 361
"D:/Users/Quentin/Desktop/GIT/BimBall/Content/Blueprints/UI/InGame/Enemy/BP_EnemyUI.uasset" 362
"D:/Users/Quentin/Desktop/GIT/BimBall/Content/Blueprints/Entity/Enemy/BP_RandomSoundStruct.uasset" 363
"D:/Users/Quentin/Desktop/GIT/BimBall/Content/Blueprints/Entity/Enemy/BP_ScreenShakeStruct.uasset" 364
"D:/Users/Quentin/Desktop/GIT/BimBall/Content/Blueprints/Entity/Enemy/BP_SlowMoStruct.uasset" 365
"D:/Users/Quentin/Desktop/GIT/BimBall/Content/Blueprints/Entity/Enemy/BP_VibrationStruct.uasset" 366
"D:/Users/Quentin/Desktop/GIT/BimBall/Content/Textures/Custom/UI/T_VulnerableAOE3.uasset" 367
"D:/Users/Quentin/Desktop/GIT/BimBall/Content/Materials/Custom/UI/M_VulnerableAOE.uasset" 368
"D:/Users/Quentin/Desktop/GIT/BimBall/Content/Materials/Custom/M_VulnerableGlow.uasset" 369
"D:/Users/Quentin/Desktop/GIT/BimBall/Content/Materials/Custom/MI_Linebacker.uasset" 370
"D:/Users/Quentin/Desktop/GIT/BimBall/Content/Textures/Custom/UI/T_VulnerableAOE2.uasset" 371
"D:/Users/Quentin/Desktop/GIT/BimBall/Content/Materials/Custom/UI/MI_EnemyRange.uasset" 372
"D:/Users/Quentin/Desktop/GIT/BimBall/Content/Meshes/ModularRPGHeroesPolyart/OneMeshCharacters/SK_Elite.uasset" 373
"D:/Users/Quentin/Desktop/GIT/BimBall/Content/Meshes/ModularRPGHeroesPolyart/OneMeshCharacters/SK_Shinobi.uasset" 374
"D:/Users/Quentin/Desktop/GIT/BimBall/Content/Textures/Custom/UI/T_EnemyAttackFilled3.uasset" 375
"D:/Users/Quentin/Desktop/GIT/BimBall/Content/Textures/Custom/UI/T_EnemyAttackWhite3.uasset" 376
"D:/Users/Quentin/Desktop/GIT/BimBall/Content/Textures/Custom/FX/T_BlowTest.uasset" 377
"D:/Users/Quentin/Desktop/GIT/BimBall/Content/Materials/Custom/FX/MI_Blow.uasset" 378
"D:/Users/Quentin/Desktop/GIT/BimBall/Content/Textures/Custom/FX/T_Circle3.uasset" 379
"D:/Users/Quentin/Desktop/GIT/BimBall/Content/Materials/Custom/FX/MI_Circle2.uasset" 380
"D:/Users/Quentin/Desktop/GIT/BimBall/Content/Materials/Custom/FX/MI_CircleBis.uasset" 381
"D:/Users/Quentin/Desktop/GIT/BimBall/Content/VFX/P_AttackImpact_I.uasset" 382
"D:/Users/Quentin/Desktop/GIT/BimBall/Content/Blueprints/Entity/Enemy/BP_BaseEnemy.uasset" 383
"D:/Users/Quentin/Desktop/GIT/BimBall/Content/Textures/Custom/Enemy/T_KZExplosion_02_White.uasset" 384
"D:/Users/Quentin/Desktop/GIT/BimBall/Content/Materials/Custom/FX/M_SecondLayerKZ.uasset" 385
"D:/Users/Quentin/Desktop/GIT/BimBall/Content/Textures/Custom/Enemy/T_KZDisplacement.uasset" 386
"D:/Users/Quentin/Desktop/GIT/BimBall/Content/Materials/Custom/FX/M_TestExplosion.uasset" 387
"../../../Engine/Content/BasicShapes/Sphere.uasset" 388
"D:/Users/Quentin/Desktop/GIT/BimBall/Content/SFX/SoundWave_SFX/Kamikaze_Explosion_Fire.uasset" 389
"D:/Users/Quentin/Desktop/GIT/BimBall/Content/Blueprints/FX/BP_KZExplosion.uasset" 390
"D:/Users/Quentin/Desktop/GIT/BimBall/Content/Materials/Custom/MI_Kamikaze.uasset" 391
"D:/Users/Quentin/Desktop/GIT/BimBall/Content/Meshes/ModularRPGHeroesPolyart/OneMeshCharacters/SK_Engineer.uasset" 392
"D:/Users/Quentin/Desktop/GIT/BimBall/Content/Meshes/ModularRPGHeroesPolyart/OneMeshCharacters/TemplarSK.uasset" 393
"D:/Users/Quentin/Desktop/GIT/BimBall/Content/SFX/SoundWave_SFX/Kamikaze_Explosion.uasset" 394
"D:/Users/Quentin/Desktop/GIT/BimBall/Content/SFX/SoundWave_SFX/Kamikaze_Run_01.uasset" 395
"D:/Users/Quentin/Desktop/GIT/BimBall/Content/Textures/Custom/UI/T_KamikazeBombFilled.uasset" 396
"D:/Users/Quentin/Desktop/GIT/BimBall/Content/Textures/Custom/UI/T_KamikazeBombWhite.uasset" 397
"D:/Users/Quentin/Desktop/GIT/BimBall/Content/Blueprints/Entity/Enemy/BP_KZEnemy.uasset" 398
"D:/Users/Quentin/Desktop/GIT/BimBall/Content/Animations/Custom_Animations/A_Tackle.uasset" 399
"D:/Users/Quentin/Desktop/GIT/BimBall/Content/Animations/Custom_Animations/A_Tackle_Montage.uasset" 400
"D:/Users/Quentin/Desktop/GIT/BimBall/Content/Textures/Custom/Enemy/Tackler/FX-Tacleur_Arrow_Transparent.uasset" 401
"D:/Users/Quentin/Desktop/GIT/BimBall/Content/Textures/Custom/Enemy/Tackler/FX-Tacleur_Halftone_Transparent.uasset" 402
"D:/Users/Quentin/Desktop/GIT/BimBall/Content/Textures/Custom/Enemy/Tackler/Gradient02.uasset" 403
"D:/Users/Quentin/Desktop/GIT/BimBall/Content/Materials/Custom/UI/M_AOETackler.uasset" 404
"D:/Users/Quentin/Desktop/GIT/BimBall/Content/Materials/Custom/MI_Tackler.uasset" 405
"D:/Users/Quentin/Desktop/GIT/BimBall/Content/Meshes/ModularRPGHeroesPolyart/OneMeshCharacters/SK_DarkKnight.uasset" 406
"D:/Users/Quentin/Desktop/GIT/BimBall/Content/Meshes/ModularRPGHeroesPolyart/OneMeshCharacters/SK_IronMask.uasset" 407
"D:/Users/Quentin/Desktop/GIT/BimBall/Content/Meshes/ModularRPGHeroesPolyart/OneMeshCharacters/SK_Prince.uasset" 408
"D:/Users/Quentin/Desktop/GIT/BimBall/Content/SFX/SoundWave_SFX/ChargeTackler.uasset" 409
"D:/Users/Quentin/Desktop/GIT/BimBall/Content/SFX/SoundWave_SFX/InitTackler.uasset" 410
"D:/Users/Quentin/Desktop/GIT/BimBall/Content/Textures/Custom/UI/T_TacklerChargeFilled3.uasset" 411
"D:/Users/Quentin/Desktop/GIT/BimBall/Content/Textures/Custom/UI/T_TacklerChargeWhite3.uasset" 412
"D:/Users/Quentin/Desktop/GIT/BimBall/Content/Blueprints/Entity/Enemy/BP_TKEnemy.uasset" 413
"D:/Users/Quentin/Desktop/GIT/BimBall/Content/Blueprints/GameManagement/BP_OutOfCombatSetter.uasset" 414
"D:/Users/Quentin/Desktop/GIT/BimBall/Content/Blueprints/Level/BP_LaunchGame.uasset" 415
"../../../Engine/Content/Functions/Engine_MaterialFunctions02/ObjectLocalBounds.uasset" 416
"D:/Users/Quentin/Desktop/GIT/BimBall/Content/Textures/Custom/Yard/T_LinePattern.uasset" 417
"D:/Users/Quentin/Desktop/GIT/BimBall/Content/Textures/Custom/Yard/T_PlayerTouchdown.uasset" 418
"D:/Users/Quentin/Desktop/GIT/BimBall/Content/Materials/Custom/M_PlayerTD.uasset" 419
"D:/Users/Quentin/Desktop/GIT/BimBall/Content/Textures/Platformer/T_Grass_d.uasset" 420
"D:/Users/Quentin/Desktop/GIT/BimBall/Content/Textures/Platformer/T_Grass_n.uasset" 421
"D:/Users/Quentin/Desktop/GIT/BimBall/Content/Textures/Platformer/T_Grass_r.uasset" 422
"D:/Users/Quentin/Desktop/GIT/BimBall/Content/Textures/Platformer/T_Patterns_m.uasset" 423
"D:/Users/Quentin/Desktop/GIT/BimBall/Content/Materials/Custom/M_Touchdown.uasset" 424
"D:/Users/Quentin/Desktop/GIT/BimBall/Content/Materials/Custom/MI_PlayerTouchdown.uasset" 425
"../../../Engine/Content/BasicShapes/Cube.uasset" 426
"../../../Engine/Content/Functions/Engine_MaterialFunctions01/WorldPositionOffset/SimpleGrassWind.uasset" 427
"D:/Users/Quentin/Desktop/GIT/BimBall/Content/Textures/Platformer/T_Plants_d.uasset" 428
"D:/Users/Quentin/Desktop/GIT/BimBall/Content/Textures/Platformer/T_Plants_n.uasset" 429
"D:/Users/Quentin/Desktop/GIT/BimBall/Content/Textures/Platformer/T_Plants_r.uasset" 430
"D:/Users/Quentin/Desktop/GIT/BimBall/Content/Materials/Platformer/M_Plants.uasset" 431
"D:/Users/Quentin/Desktop/GIT/BimBall/Content/Meshes/Platformer/SM_flower_01.uasset" 432
"D:/Users/Quentin/Desktop/GIT/BimBall/Content/Blueprints/Level/LevelSections/BP_PlayerYard.uasset" 433
"D:/Users/Quentin/Desktop/GIT/BimBall/Content/Materials/Custom/M_TouchdownBis.uasset" 434
"D:/Users/Quentin/Desktop/GIT/BimBall/Content/Materials/Custom/MI_EnemyTouchdownBis.uasset" 435
"D:/Users/Quentin/Desktop/GIT/BimBall/Content/Textures/Platformer/T_Grass_trim_d.uasset" 436
"D:/Users/Quentin/Desktop/GIT/BimBall/Content/Textures/Platformer/T_Grass_trim_n.uasset" 437
"D:/Users/Quentin/Desktop/GIT/BimBall/Content/Textures/Platformer/T_Grass_trim_r.uasset" 438
"D:/Users/Quentin/Desktop/GIT/BimBall/Content/Materials/Custom/M_TouchdownEdge.uasset" 439
"D:/Users/Quentin/Desktop/GIT/BimBall/Content/Materials/Custom/MI_EnemyTouchdownEdge.uasset" 440
"D:/Users/Quentin/Desktop/GIT/BimBall/Content/Textures/Custom/Yard/T_EnemyTD_BC.uasset" 441
"D:/Users/Quentin/Desktop/GIT/BimBall/Content/Textures/Custom/Yard/T_EnemyTD_N.uasset" 442
"D:/Users/Quentin/Desktop/GIT/BimBall/Content/Textures/Custom/Yard/T_EnemyTD_R.uasset" 443
"D:/Users/Quentin/Desktop/GIT/BimBall/Content/Materials/Custom/M_EnemyTD.uasset" 444
"D:/Users/Quentin/Desktop/GIT/BimBall/Content/Meshes/Custom/Flag/SM_Flag.uasset" 445
"D:/Users/Quentin/Desktop/GIT/BimBall/Content/Textures/Custom/Yard/T_EnemyTouchdown03.uasset" 446
"D:/Users/Quentin/Desktop/GIT/BimBall/Content/Materials/Custom/M_Yard.uasset" 447
"D:/Users/Quentin/Desktop/GIT/BimBall/Content/Meshes/Cylinder.uasset" 448
"D:/Users/Quentin/Desktop/GIT/BimBall/Content/Materials/Platformer/M_Grass_nopattern.uasset" 449
"D:/Users/Quentin/Desktop/GIT/BimBall/Content/Materials/Platformer/M_GrassTrim.uasset" 450
"D:/Users/Quentin/Desktop/GIT/BimBall/Content/Meshes/Platformer/SM_8m_Hill.uasset" 451
"D:/Users/Quentin/Desktop/GIT/BimBall/Content/Blueprints/Level/LevelSections/BP_Yard.uasset" 452
"D:/Users/Quentin/Desktop/GIT/BimBall/Content/Meshes/Custom/Bricks/SM_DummyFixe_Skeleton.uasset" 453
"D:/Users/Quentin/Desktop/GIT/BimBall/Content/Blueprints/Dummy/BP_AnimDummy.uasset" 454
"D:/Users/Quentin/Desktop/GIT/BimBall/Content/Textures/Dummies/T_Dummy_BC.uasset" 455
"D:/Users/Quentin/Desktop/GIT/BimBall/Content/Textures/Dummies/T_Dummy_N.uasset" 456
"D:/Users/Quentin/Desktop/GIT/BimBall/Content/Textures/Dummies/T_Dummy_R.uasset" 457
"D:/Users/Quentin/Desktop/GIT/BimBall/Content/Materials/Custom/M_GenericDummy.uasset" 458
"D:/Users/Quentin/Desktop/GIT/BimBall/Content/Meshes/Custom/Bricks/SM_DummyFixe_PhysicsAsset.uasset" 459
"D:/Users/Quentin/Desktop/GIT/BimBall/Content/Meshes/Custom/Bricks/SM_DummyFixe.uasset" 460
"D:/Users/Quentin/Desktop/GIT/BimBall/Content/Blueprints/Dummy/BP_BaseDummy.uasset" 461
"D:/Users/Quentin/Desktop/GIT/BimBall/Content/Meshes/Custom/Bricks/SM_KillzoneDummyFixe_Skeleton.uasset" 462
"D:/Users/Quentin/Desktop/GIT/BimBall/Content/Blueprints/Dummy/BP_AnimKillZoneDUmmy.uasset" 463
"D:/Users/Quentin/Desktop/GIT/BimBall/Content/Textures/Custom/Dummies/T_KDummy_BC.uasset" 464
"D:/Users/Quentin/Desktop/GIT/BimBall/Content/Textures/Custom/Dummies/T_KDummy_N.uasset" 465
"D:/Users/Quentin/Desktop/GIT/BimBall/Content/Textures/Custom/Dummies/T_KDummy_R.uasset" 466
"D:/Users/Quentin/Desktop/GIT/BimBall/Content/Materials/Custom/M_KillzoneDummy.uasset" 467
"D:/Users/Quentin/Desktop/GIT/BimBall/Content/Meshes/Custom/Bricks/SM_KillzoneDummy_PhysicsAsset.uasset" 468
"D:/Users/Quentin/Desktop/GIT/BimBall/Content/Meshes/Custom/Bricks/SM_KillzoneDummy.uasset" 469
"D:/Users/Quentin/Desktop/GIT/BimBall/Content/Blueprints/Dummy/BP_KillzoneDummy.uasset" 470
"D:/Users/Quentin/Desktop/GIT/BimBall/Content/Animations/ModularRPGHeroesPolyart/NoWeaponStance/A_StandingIdle_noWeapon.uasset" 471
"D:/Users/Quentin/Desktop/GIT/BimBall/Content/Blueprints/Entity/PNJ/BP_PNJAnimation.uasset" 472
"D:/Users/Quentin/Desktop/GIT/BimBall/Content/Textures/Custom/UI/xbox_x.uasset" 473
"D:/Users/Quentin/Desktop/GIT/BimBall/Content/Blueprints/UI/InGame/HUB/PNJ/BP_DialogueUI.uasset" 474
"D:/Users/Quentin/Desktop/GIT/BimBall/Content/Materials/Custom/MI_Tainer.uasset" 475
"D:/Users/Quentin/Desktop/GIT/BimBall/Content/Meshes/ModularRPGHeroesPolyart/OneMeshCharacters/SK_HeavyKnight.uasset" 476
"D:/Users/Quentin/Desktop/GIT/BimBall/Content/Blueprints/Entity/PNJ/BP_TrainerPNJ.uasset" 477
"D:/Users/Quentin/Desktop/GIT/BimBall/Content/Textures/Custom/Sprites/T_BlurredRectangle.uasset" 478
"D:/Users/Quentin/Desktop/GIT/BimBall/Content/Blueprints/UI/Menus/BP_MainMenuUI.uasset" 479
"D:/Users/Quentin/Desktop/GIT/BimBall/Content/Blueprints/GameManagement/BP_MenuManager.uasset" 480
"D:/Users/Quentin/Desktop/GIT/BimBall/Content/Blueprints/Level/Rail/BP_RailManager.uasset" 481
"D:/Users/Quentin/Desktop/GIT/BimBall/Content/Blueprints/UI/InGame/HUB/AreaIndications/BP_WarmUpLarge.uasset" 482
"D:/Users/Quentin/Desktop/GIT/BimBall/Content/Blueprints/UI/InGame/HUB/AreaIndications/BP_WarmUpSmall.uasset" 483
"D:/Users/Quentin/Desktop/GIT/BimBall/Content/Blueprints/UI/InGame/HUB/AreaIndications/BP_LockerSmall.uasset" 484
"D:/Users/Quentin/Desktop/GIT/BimBall/Content/Blueprints/UI/InGame/HUB/AreaIndications/BP_TrainerDisplay.uasset" 485
"D:/Users/Quentin/Desktop/GIT/BimBall/Content/Blueprints/UI/InGame/HUB/AreaIndications/BP_TrainingArea.uasset" 486
"D:/Users/Quentin/Desktop/GIT/BimBall/Content/Blueprints/UI/InGame/HUB/AreaIndications/BP_TunnelDisplay.uasset" 487
"D:/Users/Quentin/Desktop/GIT/BimBall/Content/Blueprints/UI/InGame/HUB/Parents/BP_TutorialParcel.uasset" 488
"D:/Users/Quentin/Desktop/GIT/BimBall/Content/Blueprints/UI/InGame/HUB/Tutorials/GroundTexts/BP_GroundAttackTutorial.uasset" 489
"D:/Users/Quentin/Desktop/GIT/BimBall/Content/Blueprints/UI/InGame/HUB/Tutorials/GroundTexts/BP_GroundChargeTutorial.uasset" 490
"D:/Users/Quentin/Desktop/GIT/BimBall/Content/Blueprints/UI/InGame/HUB/Tutorials/GroundTexts/BP_GroundDropTutorial.uasset" 491
"D:/Users/Quentin/Desktop/GIT/BimBall/Content/Blueprints/UI/InGame/HUB/Tutorials/GroundTexts/BP_GroundDummiesTutorial.uasset" 492
"D:/Users/Quentin/Desktop/GIT/BimBall/Content/Blueprints/UI/InGame/HUB/Tutorials/GroundTexts/BP_GroundEnemiesTutorial.uasset" 493
"D:/Users/Quentin/Desktop/GIT/BimBall/Content/Blueprints/UI/InGame/HUB/Tutorials/GroundTexts/BP_GroundSpinTutorial.uasset" 494
"D:/Users/Quentin/Desktop/GIT/BimBall/Content/Blueprints/UI/InGame/HUB/Tutorials/GroundTexts/BP_GroundThrowTutorial.uasset" 495
"D:/Users/Quentin/Desktop/GIT/BimBall/Content/Blueprints/UI/InGame/HUB/Tutorials/GroundTexts/BP_GroundVulnerableTutorial.uasset" 496
"D:/Users/Quentin/Desktop/GIT/BimBall/Content/Blueprints/UI/InGame/HUB/Tutorials/WallTexts/Attack/BP_WallAttackTutorial.uasset" 497
"D:/Users/Quentin/Desktop/GIT/BimBall/Content/Blueprints/UI/InGame/HUB/Tutorials/WallTexts/Attack/BP_WallVulnerableTutorial.uasset" 498
"D:/Users/Quentin/Desktop/GIT/BimBall/Content/Blueprints/UI/InGame/HUB/Tutorials/WallTexts/Attack/BP_WallVulnerableTutorial2.uasset" 499
"D:/Users/Quentin/Desktop/GIT/BimBall/Content/Blueprints/UI/InGame/HUB/Tutorials/WallTexts/BallDrop/BP_WallDropTutorial.uasset" 500
"D:/Users/Quentin/Desktop/GIT/BimBall/Content/Blueprints/UI/InGame/HUB/Tutorials/WallTexts/BallRush/BP_WallRushTutorial.uasset" 501
"D:/Users/Quentin/Desktop/GIT/BimBall/Content/Blueprints/UI/InGame/HUB/Tutorials/WallTexts/BallRush/BP_WallRushTutorial2.uasset" 502
"D:/Users/Quentin/Desktop/GIT/BimBall/Content/Blueprints/UI/InGame/HUB/Tutorials/WallTexts/BallThrow/BP_WallChargeTutorial.uasset" 503
"D:/Users/Quentin/Desktop/GIT/BimBall/Content/Blueprints/UI/InGame/HUB/Tutorials/WallTexts/BallThrow/BP_WallChargeTutorial2.uasset" 504
"D:/Users/Quentin/Desktop/GIT/BimBall/Content/Blueprints/UI/InGame/HUB/Tutorials/WallTexts/BallThrow/BP_WallChargeTutorial3.uasset" 505
"D:/Users/Quentin/Desktop/GIT/BimBall/Content/Blueprints/UI/InGame/HUB/Tutorials/WallTexts/BallThrow/BP_WallChargeTutorial4.uasset" 506
"D:/Users/Quentin/Desktop/GIT/BimBall/Content/Blueprints/UI/InGame/HUB/Tutorials/WallTexts/BallThrow/BP_WallThrowTutorial.uasset" 507
"D:/Users/Quentin/Desktop/GIT/BimBall/Content/Blueprints/UI/InGame/HUB/Tutorials/WallTexts/BallThrow/BP_WallThrowTutorial2.uasset" 508
"D:/Users/Quentin/Desktop/GIT/BimBall/Content/Blueprints/UI/InGame/HUB/Tutorials/WallTexts/Dummies/BP_WallDummyTutorial.uasset" 509
"D:/Users/Quentin/Desktop/GIT/BimBall/Content/Blueprints/UI/InGame/HUB/Tutorials/WallTexts/Enemies/BP_WallEnemiesTutorial.uasset" 510
"D:/Users/Quentin/Desktop/GIT/BimBall/Content/Blueprints/UI/InGame/HUB/Tutorials/WallTexts/Enemies/BP_WallEnemiesTutorial2.uasset" 511
"D:/Users/Quentin/Desktop/GIT/BimBall/Content/Blueprints/UI/InGame/HUB/Tutorials/WallTexts/Enemies/BP_WallEnemiesTutorial3.uasset" 512
"D:/Users/Quentin/Desktop/GIT/BimBall/Content/Blueprints/UI/InGame/HUB/Tutorials/WallTexts/Spin/BP_WallSpinTutorial.uasset" 513
"D:/Users/Quentin/Desktop/GIT/BimBall/Content/Blueprints/UI/InGame/HUB/Tutorials/WallTexts/Spin/BP_WallSpinTutorial2.uasset" 514
"D:/Users/Quentin/Desktop/GIT/BimBall/Content/Blueprints/UI/InGame/HUB/Tutorials/WallTexts/Spin/BP_WallSpinTutorial3.uasset" 515
"D:/Users/Quentin/Desktop/GIT/BimBall/Content/Blueprints/UI/InGame/HUB/Tutorials/WallTexts/Spin/BP_WallSpinTutorial4.uasset" 516
"D:/Users/Quentin/Desktop/GIT/BimBall/Content/Blueprints/UI/InGame/HUB/Tutorials/WallTexts/TrainingSituation/BP_WallEnemyTouchdown.uasset" 517
"D:/Users/Quentin/Desktop/GIT/BimBall/Content/Blueprints/UI/InGame/HUB/Tutorials/WallTexts/TrainingSituation/BP_WallPlayerTouchdownTutorial.uasset" 518
"D:/Users/Quentin/Desktop/GIT/BimBall/Content/Blueprints/UI/InGame/HUB/Tutorials/WallTexts/TrainingSituation/BP_WallSituationTutorial.uasset" 519
"D:/Users/Quentin/Desktop/GIT/BimBall/Content/Blueprints/UI/InGame/HUB/Tutorials/WallTexts/TrainingSituation/BP_WallSituationTutorial2.uasset" 520
"D:/Users/Quentin/Desktop/GIT/BimBall/Content/Textures/Walls/T_Brick_Wall_BC.uasset" 521
"D:/Users/Quentin/Desktop/GIT/BimBall/Content/Textures/Walls/T_Brick_Wall_M.uasset" 522
"D:/Users/Quentin/Desktop/GIT/BimBall/Content/Textures/Walls/T_Brick_Wall_N.uasset" 523
"D:/Users/Quentin/Desktop/GIT/BimBall/Content/Textures/Walls/T_Brick_Wall_R.uasset" 524
"D:/Users/Quentin/Desktop/GIT/BimBall/Content/Materials/Custom/M_BrickWall.uasset" 525
"D:/Users/Quentin/Desktop/GIT/BimBall/Content/Materials/Physics_Materials/PM_Stone.uasset" 526
"D:/Users/Quentin/Desktop/GIT/BimBall/Content/Textures/GroundLocker/T_GroundLocker_BC.uasset" 527
"D:/Users/Quentin/Desktop/GIT/BimBall/Content/Textures/GroundLocker/T_GroundLocker_M.uasset" 528
"D:/Users/Quentin/Desktop/GIT/BimBall/Content/Textures/GroundLocker/T_GroundLocker_N.uasset" 529
"D:/Users/Quentin/Desktop/GIT/BimBall/Content/Textures/GroundLocker/T_GroundLocker_R.uasset" 530
"D:/Users/Quentin/Desktop/GIT/BimBall/Content/Materials/Custom/M_GroundLocker.uasset" 531
"D:/Users/Quentin/Desktop/GIT/BimBall/Content/Textures/Platformer/T_Cliff_d.uasset" 532
"D:/Users/Quentin/Desktop/GIT/BimBall/Content/Textures/Platformer/T_Cliff_n.uasset" 533
"D:/Users/Quentin/Desktop/GIT/BimBall/Content/Textures/Platformer/T_Cliff_r.uasset" 534
"D:/Users/Quentin/Desktop/GIT/BimBall/Content/Materials/Platformer/M_Cliff.uasset" 535
"D:/Users/Quentin/Desktop/GIT/BimBall/Content/Materials/Physics_Materials/PM_Grass.uasset" 536
"D:/Users/Quentin/Desktop/GIT/BimBall/Content/Materials/Platformer/M_Grass.uasset" 537
"D:/Users/Quentin/Desktop/GIT/BimBall/Content/Textures/Custom/HUB/T_Bench_BC.uasset" 538
"D:/Users/Quentin/Desktop/GIT/BimBall/Content/Textures/Custom/HUB/T_Bench_N.uasset" 539
"D:/Users/Quentin/Desktop/GIT/BimBall/Content/Textures/Custom/HUB/T_Bench_R.uasset" 540
"D:/Users/Quentin/Desktop/GIT/BimBall/Content/Materials/Custom/M_Bench.uasset" 541
"D:/Users/Quentin/Desktop/GIT/BimBall/Content/Meshes/Custom/HUB/SM_Bench.uasset" 542
"D:/Users/Quentin/Desktop/GIT/BimBall/Content/Textures/Custom/HUB/T_Locker_BC.uasset" 543
"D:/Users/Quentin/Desktop/GIT/BimBall/Content/Textures/Custom/HUB/T_Locker_N.uasset" 544
"D:/Users/Quentin/Desktop/GIT/BimBall/Content/Textures/Custom/HUB/T_Locker_R.uasset" 545
"D:/Users/Quentin/Desktop/GIT/BimBall/Content/Materials/Custom/M_Locker.uasset" 546
"D:/Users/Quentin/Desktop/GIT/BimBall/Content/Meshes/Custom/HUB/SM_Locker.uasset" 547
"D:/Users/Quentin/Desktop/GIT/BimBall/Content/Meshes/Platformer/SM_16m_Platform.uasset" 548
"D:/Users/Quentin/Desktop/GIT/BimBall/Content/Meshes/Platformer/SM_8m_Platform.uasset" 549
"D:/Users/Quentin/Desktop/GIT/BimBall/Content/Meshes/Platformer/SM_8m_Platform_L.uasset" 550
"D:/Users/Quentin/Desktop/GIT/BimBall/Content/Materials/Physics_Materials/PM_Wood.uasset" 551
"D:/Users/Quentin/Desktop/GIT/BimBall/Content/Textures/Platformer/T_wood_d.uasset" 552
"D:/Users/Quentin/Desktop/GIT/BimBall/Content/Textures/Platformer/T_wood_n.uasset" 553
"D:/Users/Quentin/Desktop/GIT/BimBall/Content/Textures/Platformer/T_wood_r.uasset" 554
"D:/Users/Quentin/Desktop/GIT/BimBall/Content/Materials/Platformer/M_Wood_Dark_Parent.uasset" 555
"D:/Users/Quentin/Desktop/GIT/BimBall/Content/Materials/Platformer/M_Wood_Light_Instance.uasset" 556
"D:/Users/Quentin/Desktop/GIT/BimBall/Content/Materials/Platformer/M_Wood_White_Instance.uasset" 557
"D:/Users/Quentin/Desktop/GIT/BimBall/Content/Meshes/Platformer/SM_Fence_2m_01.uasset" 558
"D:/Users/Quentin/Desktop/GIT/BimBall/Content/Meshes/Platformer/SM_Fence_8m_02.uasset" 559
"D:/Users/Quentin/Desktop/GIT/BimBall/Content/Meshes/Platformer/SM_FencePost.uasset" 560
"D:/Users/Quentin/Desktop/GIT/BimBall/Content/SFX/SoundWave_SFX/CROWD.uasset" 561
"D:/Users/Quentin/Desktop/GIT/BimBall/Content/Maps/Gold_HUB.umap" 562
"../../../Engine/Content/EngineSky/C_Sky_Cloud_Color.uasset" 563
"../../../Engine/Content/EngineSky/C_Sky_Horizon_Color.uasset" 564
"../../../Engine/Content/EngineSky/C_Sky_Zenith_Color.uasset" 565
"../../../Engine/Content/EngineSky/T_Sky_Blue.uasset" 566
"../../../Engine/Content/EngineSky/T_Sky_Clouds_M.uasset" 567
"../../../Engine/Content/EngineSky/T_Sky_Stars.uasset" 568
"../../../Engine/Content/EngineSky/M_Sky_Panning_Clouds2.uasset" 569
"../../../Engine/Content/EngineSky/SM_SkySphere.uasset" 570
"../../../Engine/Content/EngineSky/BP_Sky_Sphere.uasset" 571
"D:/Users/Quentin/Desktop/GIT/BimBall/Content/Textures/Custom/Bumper/T_Bumper_BC.uasset" 572
"D:/Users/Quentin/Desktop/GIT/BimBall/Content/Textures/Custom/Bumper/T_Bumper_N.uasset" 573
"D:/Users/Quentin/Desktop/GIT/BimBall/Content/Textures/Custom/Bumper/T_Bumper_R.uasset" 574
"D:/Users/Quentin/Desktop/GIT/BimBall/Content/Materials/Custom/M_BumperTrimSheet.uasset" 575
"D:/Users/Quentin/Desktop/GIT/BimBall/Content/Meshes/1M_Cube.uasset" 576
"D:/Users/Quentin/Desktop/GIT/BimBall/Content/Meshes/Custom/Bumper/SM_Bumper.uasset" 577
"D:/Users/Quentin/Desktop/GIT/BimBall/Content/Blueprints/Props/BP_Bumper.uasset" 578
"D:/Users/Quentin/Desktop/GIT/BimBall/Content/Textures/Platformer/T_tree_d.uasset" 579
"D:/Users/Quentin/Desktop/GIT/BimBall/Content/Textures/Platformer/T_tree_n.uasset" 580
"D:/Users/Quentin/Desktop/GIT/BimBall/Content/Textures/Platformer/T_tree_r.uasset" 581
"D:/Users/Quentin/Desktop/GIT/BimBall/Content/Materials/Platformer/M_Tree.uasset" 582
"D:/Users/Quentin/Desktop/GIT/BimBall/Content/Meshes/Platformer/SM_Tree_01.uasset" 583
"D:/Users/Quentin/Desktop/GIT/BimBall/Content/Meshes/Custom/Foliage/SM_Tree.uasset" 584
"D:/Users/Quentin/Desktop/GIT/BimBall/Content/Meshes/Platformer/SM_Tree_02.uasset" 585
"D:/Users/Quentin/Desktop/GIT/BimBall/Content/Meshes/Custom/Foliage/SM_Tree_2.uasset" 586
"D:/Users/Quentin/Desktop/GIT/BimBall/Content/Meshes/Platformer/SM_Tree_03.uasset" 587
"D:/Users/Quentin/Desktop/GIT/BimBall/Content/Meshes/Custom/Foliage/SM_Tree_3.uasset" 588
"D:/Users/Quentin/Desktop/GIT/BimBall/Content/Meshes/Platformer/SM_Tree_04.uasset" 589
"D:/Users/Quentin/Desktop/GIT/BimBall/Content/Meshes/Custom/Foliage/SM_Tree_4.uasset" 590
"D:/Users/Quentin/Desktop/GIT/BimBall/Content/Meshes/Platformer/SM_Fern_01.uasset" 591
"D:/Users/Quentin/Desktop/GIT/BimBall/Content/Meshes/Foliage/Fern_1.uasset" 592
"D:/Users/Quentin/Desktop/GIT/BimBall/Content/Meshes/Platformer/SM_fern_02.uasset" 593
"D:/Users/Quentin/Desktop/GIT/BimBall/Content/Meshes/Foliage/Fern_2.uasset" 594
"D:/Users/Quentin/Desktop/GIT/BimBall/Content/Meshes/Foliage/Flower_1.uasset" 595
"D:/Users/Quentin/Desktop/GIT/BimBall/Content/Meshes/Platformer/SM_flower_02.uasset" 596
"D:/Users/Quentin/Desktop/GIT/BimBall/Content/Meshes/Foliage/Flower_2.uasset" 597
"D:/Users/Quentin/Desktop/GIT/BimBall/Content/Meshes/Platformer/SM_flower_03.uasset" 598
"D:/Users/Quentin/Desktop/GIT/BimBall/Content/Meshes/Foliage/Flower_3.uasset" 599
"D:/Users/Quentin/Desktop/GIT/BimBall/Content/Meshes/Platformer/SM_flower_04.uasset" 600
"D:/Users/Quentin/Desktop/GIT/BimBall/Content/Meshes/Foliage/Flower_4.uasset" 601
"D:/Users/Quentin/Desktop/GIT/BimBall/Content/Meshes/Platformer/SM_flower_05.uasset" 602
"D:/Users/Quentin/Desktop/GIT/BimBall/Content/Meshes/Foliage/Flower_5.uasset" 603
"D:/Users/Quentin/Desktop/GIT/BimBall/Content/Meshes/Platformer/SM_flower_06.uasset" 604
"D:/Users/Quentin/Desktop/GIT/BimBall/Content/Meshes/Foliage/Flower_6.uasset" 605
"D:/Users/Quentin/Desktop/GIT/BimBall/Content/Materials/TerrainLayersInfo/GrassPatern_LayerInfo.uasset" 606
"D:/Users/Quentin/Desktop/GIT/BimBall/Content/Materials/Custom/M_Border.uasset" 607
"D:/Users/Quentin/Desktop/GIT/BimBall/Content/Materials/Platformer/M_GrassTerrain.uasset" 608
"../../../Engine/Content/Functions/Engine_MaterialFunctions03/ComplexMotion/Motion_4WayChaos.uasset" 609
"../../../Engine/Content/Engine_MI_Shaders/T_Base_Tile_Normal.uasset" 610
"../../../Engine/Content/Functions/Engine_MaterialFunctions03/ComplexMotion/Motion_4WayChaos_Normal.uasset" 611
"../../../Engine/Content/MapTemplates/Sky/DaylightAmbientCubemap.uasset" 612
"D:/Users/Quentin/Desktop/GIT/BimBall/Content/Textures/Platformer/Ocean/T_LargeWaves_H.uasset" 613
"D:/Users/Quentin/Desktop/GIT/BimBall/Content/Textures/Platformer/Ocean/T_LargeWaves_N.uasset" 614
"D:/Users/Quentin/Desktop/GIT/BimBall/Content/Textures/Platformer/Ocean/T_Seafoam_01.uasset" 615
"D:/Users/Quentin/Desktop/GIT/BimBall/Content/Textures/Platformer/Ocean/T_SmallWaves_N.uasset" 616
"D:/Users/Quentin/Desktop/GIT/BimBall/Content/Materials/Platformer/Ocean/M_OceanWater_1.uasset" 617
"../../../Engine/Content/MapTemplates/Sky/Desert_Outer_HDR.uasset" 618
"D:/Users/Quentin/Desktop/GIT/BimBall/Content/Materials/Platformer/Ocean/M_OceanWater_1_Inst.uasset" 619
"../../../Engine/Content/EngineMaterials/DefaultPhysicalMaterial.uasset" 620
"D:/Users/Quentin/Desktop/GIT/BimBall/Content/Meshes/LevelBoxMesh/Box_Brush2_StaticMesh.uasset" 621
"D:/Users/Quentin/Desktop/GIT/BimBall/Content/Meshes/LevelBoxMesh/Box_Brush4_StaticMesh.uasset" 622
"D:/Users/Quentin/Desktop/GIT/BimBall/Content/Meshes/LevelBoxMesh/Box_Brush5_StaticMesh.uasset" 623
"D:/Users/Quentin/Desktop/GIT/BimBall/Content/Meshes/LevelBoxMesh/Box_Brush6_StaticMesh.uasset" 624
"D:/Users/Quentin/Desktop/GIT/BimBall/Content/Meshes/LevelBoxMesh/Box_Brush7_StaticMesh.uasset" 625
"D:/Users/Quentin/Desktop/GIT/BimBall/Content/Meshes/LevelBoxMesh/Box_Brush8_StaticMesh.uasset" 626
"D:/Users/Quentin/Desktop/GIT/BimBall/Content/Meshes/LevelBoxMesh/Box_Brush9_StaticMesh.uasset" 627
"D:/Users/Quentin/Desktop/GIT/BimBall/Content/Meshes/LevelBoxMesh/Box_Brush_StaticMesh.uasset" 628
"D:/Users/Quentin/Desktop/GIT/BimBall/Content/Meshes/LevelBoxMesh/RockArea.uasset" 629
"D:/Users/Quentin/Desktop/GIT/BimBall/Content/Meshes/LevelBoxMesh/RockArea2.uasset" 630
"D:/Users/Quentin/Desktop/GIT/BimBall/Content/Meshes/MergedActors/Fences_Forest.uasset" 631
"D:/Users/Quentin/Desktop/GIT/BimBall/Content/Textures/Platformer/BeanStalks_Textures/T_StoneBlock_d.uasset" 632
"D:/Users/Quentin/Desktop/GIT/BimBall/Content/Textures/Platformer/BeanStalks_Textures/T_StoneBlock_n.uasset" 633
"D:/Users/Quentin/Desktop/GIT/BimBall/Content/Textures/Platformer/BeanStalks_Textures/T_StoneBlock_r.uasset" 634
"D:/Users/Quentin/Desktop/GIT/BimBall/Content/Materials/Platformer/BeanStalks_Materials/M_StoneBlock.uasset" 635
"D:/Users/Quentin/Desktop/GIT/BimBall/Content/Meshes/MergedActors/SM_MERGED_SM_StoneBlock_193.uasset" 636
"D:/Users/Quentin/Desktop/GIT/BimBall/Content/Meshes/MergedActors/SM_MERGED_SM_StoneBlock_201.uasset" 637
"D:/Users/Quentin/Desktop/GIT/BimBall/Content/Textures/Platformer/BeanStalks_Textures/T_Leaf_01_d.uasset" 638
"D:/Users/Quentin/Desktop/GIT/BimBall/Content/Textures/Platformer/BeanStalks_Textures/T_Leaf_01_n.uasset" 639
"D:/Users/Quentin/Desktop/GIT/BimBall/Content/Textures/Platformer/BeanStalks_Textures/T_Leaf_01_r.uasset" 640
"D:/Users/Quentin/Desktop/GIT/BimBall/Content/Materials/Platformer/BeanStalks_Materials/M_Leaf.uasset" 641
"D:/Users/Quentin/Desktop/GIT/BimBall/Content/Meshes/Platformer/Beanstalks/SM_Leaf_01.uasset" 642
"D:/Users/Quentin/Desktop/GIT/BimBall/Content/Meshes/Platformer/Beanstalks/SM_Leaf_02.uasset" 643
"D:/Users/Quentin/Desktop/GIT/BimBall/Content/Meshes/Platformer/Beanstalks/SM_Leaf_03.uasset" 644
"D:/Users/Quentin/Desktop/GIT/BimBall/Content/Meshes/Platformer/Beanstalks/SM_Leaf_04.uasset" 645
"D:/Users/Quentin/Desktop/GIT/BimBall/Content/Meshes/Platformer/Beanstalks/SM_Leaf_05.uasset" 646
"D:/Users/Quentin/Desktop/GIT/BimBall/Content/Textures/Platformer/BeanStalks_Textures/T_BeanStalk_d.uasset" 647
"D:/Users/Quentin/Desktop/GIT/BimBall/Content/Textures/Platformer/BeanStalks_Textures/T_BeanStalk_n.uasset" 648
"D:/Users/Quentin/Desktop/GIT/BimBall/Content/Textures/Platformer/BeanStalks_Textures/T_BeanStalk_r.uasset" 649
"D:/Users/Quentin/Desktop/GIT/BimBall/Content/Materials/Platformer/BeanStalks_Materials/M_BeanStalk.uasset" 650
"D:/Users/Quentin/Desktop/GIT/BimBall/Content/Meshes/Platformer/Beanstalks/SM_stalk_01.uasset" 651
"D:/Users/Quentin/Desktop/GIT/BimBall/Content/Meshes/Platformer/Beanstalks/SM_stalkbend_01.uasset" 652
"D:/Users/Quentin/Desktop/GIT/BimBall/Content/Meshes/Platformer/Beanstalks/SM_stalkcurve_01.uasset" 653
"D:/Users/Quentin/Desktop/GIT/BimBall/Content/Meshes/Platformer/Beanstalks/SM_stalkend_02.uasset" 654
"D:/Users/Quentin/Desktop/GIT/BimBall/Content/Meshes/Platformer/Beanstalks/SM_stalkend_03.uasset" 655
"D:/Users/Quentin/Desktop/GIT/BimBall/Content/Meshes/Platformer/Beanstalks/SM_StoneBlock_01.uasset" 656
"D:/Users/Quentin/Desktop/GIT/BimBall/Content/Meshes/Platformer/Beanstalks/SM_StoneBlock_02.uasset" 657
"D:/Users/Quentin/Desktop/GIT/BimBall/Content/Meshes/Platformer/Beanstalks/SM_StoneBlock_03.uasset" 658
"D:/Users/Quentin/Desktop/GIT/BimBall/Content/Meshes/Platformer/Beanstalks/SM_StoneBlock_04.uasset" 659
"D:/Users/Quentin/Desktop/GIT/BimBall/Content/Meshes/Platformer/Beanstalks/SM_StoneBlock_05.uasset" 660
"D:/Users/Quentin/Desktop/GIT/BimBall/Content/Meshes/Platformer/Beanstalks/SM_vine_01.uasset" 661
"D:/Users/Quentin/Desktop/GIT/BimBall/Content/Meshes/Platformer/Beanstalks/SM_vine_02.uasset" 662
"D:/Users/Quentin/Desktop/GIT/BimBall/Content/Meshes/Platformer/Beanstalks/SM_vine_03.uasset" 663
"D:/Users/Quentin/Desktop/GIT/BimBall/Content/Meshes/Platformer/Beanstalks/SM_vine_04.uasset" 664
"D:/Users/Quentin/Desktop/GIT/BimBall/Content/Meshes/Platformer/Beanstalks/SM_vine_05.uasset" 665
"D:/Users/Quentin/Desktop/GIT/BimBall/Content/Meshes/Platformer/PlatForm_Bots/SM_16m_Platform_bot.uasset" 666
"D:/Users/Quentin/Desktop/GIT/BimBall/Content/Meshes/Platformer/SM_4m_Platform_ext.uasset" 667
"D:/Users/Quentin/Desktop/GIT/BimBall/Content/Meshes/Platformer/SM_8m_Platform_crn.uasset" 668
"D:/Users/Quentin/Desktop/GIT/BimBall/Content/Meshes/Platformer/SM_8m_Platform_ext.uasset" 669
"D:/Users/Quentin/Desktop/GIT/BimBall/Content/Meshes/Platformer/SM_8m_Platform_L_ext.uasset" 670
"D:/Users/Quentin/Desktop/GIT/BimBall/Content/Meshes/Platformer/SM_Crate_01.uasset" 671
"D:/Users/Quentin/Desktop/GIT/BimBall/Content/Meshes/Platformer/SM_Crate_02.uasset" 672
"D:/Users/Quentin/Desktop/GIT/BimBall/Content/Meshes/Platformer/SM_Fence_2m_02.uasset" 673
"D:/Users/Quentin/Desktop/GIT/BimBall/Content/Meshes/Platformer/SM_Fence_8m_01.uasset" 674
"D:/Users/Quentin/Desktop/GIT/BimBall/Content/Meshes/Platformer/SM_gtrim_01.uasset" 675
"D:/Users/Quentin/Desktop/GIT/BimBall/Content/Meshes/Platformer/SM_gtrim_02.uasset" 676
"D:/Users/Quentin/Desktop/GIT/BimBall/Content/Meshes/Platformer/SM_gtrim_04.uasset" 677
"D:/Users/Quentin/Desktop/GIT/BimBall/Content/Meshes/Platformer/SM_Ramp_4m.uasset" 678
"D:/Users/Quentin/Desktop/GIT/BimBall/Content/Materials/Platformer/M_Wood_Yellow_Instance.uasset" 679
"D:/Users/Quentin/Desktop/GIT/BimBall/Content/Meshes/Platformer/SM_ScaffoldWall_01.uasset" 680
"D:/Users/Quentin/Desktop/GIT/BimBall/Content/Meshes/Platformer/SM_Woodcatwalk_4m_01.uasset" 681
"D:/Users/Quentin/Desktop/GIT/BimBall/Content/Meshes/Platformer/SM_Woodcatwalk_4m_02.uasset" 682
"D:/Users/Quentin/Desktop/GIT/BimBall/Content/Meshes/Platformer/SM_woodPlat_1m.uasset" 683
"D:/Users/Quentin/Desktop/GIT/BimBall/Content/Meshes/Platformer/SM_woodPlat_2m.uasset" 684
"D:/Users/Quentin/Desktop/GIT/BimBall/Content/Maps/Gold_Map.umap" 685
"../../../Engine/Content/Maps/Entry_BuiltData.uasset" 686
"../../../Engine/Content/Maps/Entry.umap" 687
